<?xml version="1.0" encoding="UTF-8"?>
<testsuites>
  <testsuite name="C:\Users\DYKIM10\study\php\prj\phpunit.xml.dist" tests="5" assertions="3" errors="2" failures="0" skipped="0" time="0.056615">
    <testsuite name="App" tests="5" assertions="3" errors="2" failures="0" skipped="0" time="0.056615">
      <testsuite name="ExampleDatabaseTest" file="C:\Users\DYKIM10\study\php\prj\tests\database\ExampleDatabaseTest.php" tests="2" assertions="0" errors="2" failures="0" skipped="0" time="0.000000">
        <testcase name="testModelFindAll" file="C:\Users\DYKIM10\study\php\prj\tests\database\ExampleDatabaseTest.php" line="17" class="ExampleDatabaseTest" classname="ExampleDatabaseTest" assertions="0" time="0.000000">
          <error type="CodeIgniter\Exceptions\CriticalError">ExampleDatabaseTest::testModelFindAll&#13;
CodeIgniter\Exceptions\CriticalError: The required PHP extension "sqlite3" is not loaded. Install and enable it to use "SQLite3" driver.
&#13;
C:\Users\DYKIM10\study\php\prj\vendor\codeigniter4\framework\system\Database\Database.php:182
C:\Users\DYKIM10\study\php\prj\vendor\codeigniter4\framework\system\Database\Database.php:59
C:\Users\DYKIM10\study\php\prj\vendor\codeigniter4\framework\system\Database\Config.php:84
C:\Users\DYKIM10\study\php\prj\vendor\codeigniter4\framework\system\Test\DatabaseTestTrait.php:82
C:\Users\DYKIM10\study\php\prj\vendor\codeigniter4\framework\system\Test\DatabaseTestTrait.php:59
C:\Users\DYKIM10\study\php\prj\vendor\codeigniter4\framework\system\Test\CIUnitTestCase.php:251</error>
        </testcase>
        <testcase name="testSoftDeleteLeavesRow" file="C:\Users\DYKIM10\study\php\prj\tests\database\ExampleDatabaseTest.php" line="28" class="ExampleDatabaseTest" classname="ExampleDatabaseTest" assertions="0" time="0.000000">
          <error type="CodeIgniter\Exceptions\CriticalError">ExampleDatabaseTest::testSoftDeleteLeavesRow&#13;
CodeIgniter\Exceptions\CriticalError: The required PHP extension "sqlite3" is not loaded. Install and enable it to use "SQLite3" driver.
&#13;
C:\Users\DYKIM10\study\php\prj\vendor\codeigniter4\framework\system\Database\Database.php:182
C:\Users\DYKIM10\study\php\prj\vendor\codeigniter4\framework\system\Database\Database.php:59
C:\Users\DYKIM10\study\php\prj\vendor\codeigniter4\framework\system\Database\Config.php:84
C:\Users\DYKIM10\study\php\prj\vendor\codeigniter4\framework\system\Test\DatabaseTestTrait.php:82
C:\Users\DYKIM10\study\php\prj\vendor\codeigniter4\framework\system\Test\DatabaseTestTrait.php:59
C:\Users\DYKIM10\study\php\prj\vendor\codeigniter4\framework\system\Test\CIUnitTestCase.php:251</error>
        </testcase>
      </testsuite>
      <testsuite name="ExampleSessionTest" file="C:\Users\DYKIM10\study\php\prj\tests\session\ExampleSessionTest.php" tests="1" assertions="1" errors="0" failures="0" skipped="0" time="0.013457">
        <testcase name="testSessionSimple" file="C:\Users\DYKIM10\study\php\prj\tests\session\ExampleSessionTest.php" line="10" class="ExampleSessionTest" classname="ExampleSessionTest" assertions="1" time="0.013457"/>
      </testsuite>
      <testsuite name="HealthTest" file="C:\Users\DYKIM10\study\php\prj\tests\unit\HealthTest.php" tests="2" assertions="2" errors="0" failures="0" skipped="0" time="0.043157">
        <testcase name="testIsDefinedAppPath" file="C:\Users\DYKIM10\study\php\prj\tests\unit\HealthTest.php" line="12" class="HealthTest" classname="HealthTest" assertions="1" time="0.003248"/>
        <testcase name="testBaseUrlHasBeenSet" file="C:\Users\DYKIM10\study\php\prj\tests\unit\HealthTest.php" line="17" class="HealthTest" classname="HealthTest" assertions="1" time="0.039909"/>
      </testsuite>
    </testsuite>
  </testsuite>
</testsuites>
